# JRE version: 7.0_21-b11
# Java VM: Java HotSpot(TM) 64-Bit Server VM (23.21-b01 mixed mode windows-amd64 compressed oops)
Heap
 PSYoungGen      total 70656K, used 31636K [0x00000000eaab0000, 0x00000000f34b0000, 0x0000000100000000)
  eden space 65280K, 40% used [0x00000000eaab0000,0x00000000ec45bad8,0x00000000eea70000)
  from space 5376K, 99% used [0x00000000eea70000,0x00000000eefa9798,0x00000000eefb0000)
  to   space 5376K, 0% used [0x00000000f2f70000,0x00000000f2f70000,0x00000000f34b0000)
 ParOldGen       total 86784K, used 15941K [0x00000000c0000000, 0x00000000c54c0000, 0x00000000eaab0000)
  object space 86784K, 18% used [0x00000000c0000000,0x00000000c0f91670,0x00000000c54c0000)
 PSPermGen       total 21248K, used 6045K [0x00000000bae00000, 0x00000000bc2c0000, 0x00000000c0000000)
  object space 21248K, 28% used [0x00000000bae00000,0x00000000bb3e7780,0x00000000bc2c0000)
GC Heap History (6 events):
Event: 0.560 GC heap before
{Heap before GC invocations=1 (full 0):
 PSYoungGen      total 38016K, used 32640K [0x00000000eaab0000, 0x00000000ed510000, 0x0000000100000000)
  eden space 32640K, 100% used [0x00000000eaab0000,0x00000000eca90000,0x00000000eca90000)
  from space 5376K, 0% used [0x00000000ecfd0000,0x00000000ecfd0000,0x00000000ed510000)
  to   space 5376K, 0% used [0x00000000eca90000,0x00000000eca90000,0x00000000ecfd0000)
 ParOldGen       total 86784K, used 0K [0x00000000c0000000, 0x00000000c54c0000, 0x00000000eaab0000)
  object space 86784K, 0% used [0x00000000c0000000,0x00000000c0000000,0x00000000c54c0000)
 PSPermGen       total 21248K, used 5899K [0x00000000bae00000, 0x00000000bc2c0000, 0x00000000c0000000)
  object space 21248K, 27% used [0x00000000bae00000,0x00000000bb3c2dc0,0x00000000bc2c0000)
Event: 0.569 GC heap after
Heap after GC invocations=1 (full 0):
 PSYoungGen      total 38016K, used 5356K [0x00000000eaab0000, 0x00000000ef4f0000, 0x0000000100000000)
  eden space 32640K, 0% used [0x00000000eaab0000,0x00000000eaab0000,0x00000000eca90000)
  from space 5376K, 99% used [0x00000000eca90000,0x00000000ecfcb0f8,0x00000000ecfd0000)
  to   space 5376K, 0% used [0x00000000eefb0000,0x00000000eefb0000,0x00000000ef4f0000)
 ParOldGen       total 86784K, used 1771K [0x00000000c0000000, 0x00000000c54c0000, 0x00000000eaab0000)
  object space 86784K, 2% used [0x00000000c0000000,0x00000000c01bae18,0x00000000c54c0000)
 PSPermGen       total 21248K, used 5899K [0x00000000bae00000, 0x00000000bc2c0000, 0x00000000c0000000)
  object space 21248K, 27% used [0x00000000bae00000,0x00000000bb3c2dc0,0x00000000bc2c0000)
}
Event: 0.943 GC heap before
{Heap before GC invocations=2 (full 0):
 PSYoungGen      total 38016K, used 37996K [0x00000000eaab0000, 0x00000000ef4f0000, 0x0000000100000000)
  eden space 32640K, 100% used [0x00000000eaab0000,0x00000000eca90000,0x00000000eca90000)
  from space 5376K, 99% used [0x00000000eca90000,0x00000000ecfcb0f8,0x00000000ecfd0000)
  to   space 5376K, 0% used [0x00000000eefb0000,0x00000000eefb0000,0x00000000ef4f0000)
 ParOldGen       total 86784K, used 1771K [0x00000000c0000000, 0x00000000c54c0000, 0x00000000eaab0000)
  object space 86784K, 2% used [0x00000000c0000000,0x00000000c01bae18,0x00000000c54c0000)
 PSPermGen       total 21248K, used 5959K [0x00000000bae00000, 0x00000000bc2c0000, 0x00000000c0000000)
  object space 21248K, 28% used [0x00000000bae00000,0x00000000bb3d1ff0,0x00000000bc2c0000)
Event: 0.965 GC heap after
Heap after GC invocations=2 (full 0):
 PSYoungGen      total 70656K, used 5364K [0x00000000eaab0000, 0x00000000ef4f0000, 0x0000000100000000)
  eden space 65280K, 0% used [0x00000000eaab0000,0x00000000eaab0000,0x00000000eea70000)
  from space 5376K, 99% used [0x00000000eefb0000,0x00000000ef4ed088,0x00000000ef4f0000)
  to   space 5376K, 0% used [0x00000000eea70000,0x00000000eea70000,0x00000000eefb0000)
 ParOldGen       total 86784K, used 5915K [0x00000000c0000000, 0x00000000c54c0000, 0x00000000eaab0000)
  object space 86784K, 6% used [0x00000000c0000000,0x00000000c05c6de8,0x00000000c54c0000)
 PSPermGen       total 21248K, used 5959K [0x00000000bae00000, 0x00000000bc2c0000, 0x00000000c0000000)
  object space 21248K, 28% used [0x00000000bae00000,0x00000000bb3d1ff0,0x00000000bc2c0000)
}
Event: 1.622 GC heap before
{Heap before GC invocations=3 (full 0):
 PSYoungGen      total 70656K, used 70644K [0x00000000eaab0000, 0x00000000ef4f0000, 0x0000000100000000)
  eden space 65280K, 100% used [0x00000000eaab0000,0x00000000eea70000,0x00000000eea70000)
  from space 5376K, 99% used [0x00000000eefb0000,0x00000000ef4ed088,0x00000000ef4f0000)
  to   space 5376K, 0% used [0x00000000eea70000,0x00000000eea70000,0x00000000eefb0000)
 ParOldGen       total 86784K, used 5915K [0x00000000c0000000, 0x00000000c54c0000, 0x00000000eaab0000)
  object space 86784K, 6% used [0x00000000c0000000,0x00000000c05c6de8,0x00000000c54c0000)
 PSPermGen       total 21248K, used 6034K [0x00000000bae00000, 0x00000000bc2c0000, 0x00000000c0000000)
  object space 21248K, 28% used [0x00000000bae00000,0x00000000bb3e4b88,0x00000000bc2c0000)
Event: 1.636 GC heap after
Heap after GC invocations=3 (full 0):
 PSYoungGen      total 70656K, used 5349K [0x00000000eaab0000, 0x00000000f34b0000, 0x0000000100000000)
  eden space 65280K, 0% used [0x00000000eaab0000,0x00000000eaab0000,0x00000000eea70000)
  from space 5376K, 99% used [0x00000000eea70000,0x00000000eefa9798,0x00000000eefb0000)
  to   space 5376K, 0% used [0x00000000f2f70000,0x00000000f2f70000,0x00000000f34b0000)
 ParOldGen       total 86784K, used 15941K [0x00000000c0000000, 0x00000000c54c0000, 0x00000000eaab0000)
  object space 86784K, 18% used [0x00000000c0000000,0x00000000c0f91670,0x00000000c54c0000)
 PSPermGen       total 21248K, used 6034K [0x00000000bae00000, 0x00000000bc2c0000, 0x00000000c0000000)
  object space 21248K, 28% used [0x00000000bae00000,0x00000000bb3e4b88,0x00000000bc2c0000)
}

